<?xml version="1.0" encoding="UTF-8"?>
<testsuite name="com.builders.web.HelloServletTest" tests="1" skipped="0" failures="0" errors="0" timestamp="2016-03-12T09:26:10" hostname="EPUADNIW0170" time="0.0">
  <properties/>
  <testcase name="testHello" classname="com.builders.web.HelloServletTest" time="0.0"/>
  <system-out><![CDATA[]]></system-out>
  <system-err><![CDATA[]]></system-err>
</testsuite>
